

times in msec
 clock   self+sourced   self:  sourced script
 clock   elapsed:              other lines

000.005  000.005: --- NVIM STARTING ---
000.145  000.140: event init
000.210  000.066: early init
000.327  000.117: locale set
000.366  000.039: init first window
000.569  000.203: inits 1
000.577  000.008: window checked
000.579  000.002: parsing arguments
000.893  000.039  000.039: require('vim.shared')
000.982  000.028  000.028: require('vim._options')
000.984  000.088  000.060: require('vim._editor')
000.985  000.160  000.033: require('vim._init_packages')
000.986  000.248: init lua interpreter
001.036  000.049: expanding arguments
001.057  000.022: inits 2
001.299  000.242: init highlight
001.302  000.002: waiting for UI
001.424  000.122: done waiting for UI
001.431  000.007: clear screen
001.602  000.172: init default mappings & autocommands
001.878  000.041  000.041: sourcing /usr/local/share/nvim/runtime/ftplugin.vim
001.919  000.022  000.022: sourcing /usr/local/share/nvim/runtime/indent.vim
002.174  000.186  000.186: require('ishaan.tools')
004.178  000.129  000.129: require('vim.lsp.log')
004.602  000.421  000.421: require('vim.lsp.protocol')
005.903  000.306  000.306: require('vim.lsp._snippet')
006.017  000.111  000.111: require('vim.highlight')
006.022  000.003  000.003: require('vim.F')
006.039  001.435  001.015: require('vim.lsp.util')
006.047  002.348  000.363: require('vim.lsp.handlers')
006.386  000.338  000.338: require('vim.lsp.rpc')
006.529  000.139  000.139: require('vim.lsp.sync')
006.813  000.282  000.282: require('vim.lsp.semantic_tokens')
007.148  000.333  000.333: require('vim.lsp.buf')
007.273  000.123  000.123: require('vim.lsp.diagnostic')
007.433  000.159  000.159: require('vim.lsp.codelens')
007.470  004.889  001.167: require('vim.lsp')
007.546  005.369  000.480: require('ishaan.set')
007.664  000.004  000.004: require('vim.keymap')
008.613  001.066  001.062: require('ishaan.remap')
015.816  001.176  001.176: sourcing /home/ishaan/.config/nvim/after/colors/shrek-contrast.lua
015.851  007.235  006.059: require('ishaan.vimscript')
015.937  000.084  000.084: require('ishaan.autocmd')
016.319  000.283  000.283: require('lazy')
016.326  000.387  000.104: require('ishaan.lazy')
016.328  014.365  000.038: require('ishaan')
016.329  014.381  000.016: sourcing /home/ishaan/.config/nvim/init.lua
016.333  000.287: sourcing vimrc file(s)
016.464  000.014  000.014: sourcing /home/ishaan/.config/nvim/after/ftdetect/tmux.vim
016.523  000.172  000.158: sourcing /usr/local/share/nvim/runtime/filetype.lua
016.642  000.059  000.059: sourcing /usr/local/share/nvim/runtime/syntax/synload.vim
016.718  000.165  000.106: sourcing /usr/local/share/nvim/runtime/syntax/syntax.vim
016.729  000.059: inits 3
018.205  001.476: reading ShaDa
018.310  000.106: opening buffers
018.324  000.013: BufEnter autocommands
018.326  000.002: editing files in windows
018.328  000.002: VimEnter autocommands
018.330  000.002: UIEnter autocommands
018.331  000.001: before starting main loop
018.569  000.238: first screen update
018.571  000.003: --- NVIM STARTED ---


times in msec
 clock   self+sourced   self:  sourced script
 clock   elapsed:              other lines

000.005  000.005: --- NVIM STARTING ---
000.148  000.143: event init
000.218  000.070: early init
000.339  000.121: locale set
000.393  000.054: init first window
000.617  000.223: inits 1
000.622  000.005: window checked
000.624  000.003: parsing arguments
000.967  000.042  000.042: require('vim.shared')
001.047  000.029  000.029: require('vim._options')
001.049  000.079  000.050: require('vim._editor')
001.050  000.157  000.036: require('vim._init_packages')
001.051  000.270: init lua interpreter
001.419  000.368: expanding arguments
001.452  000.033: inits 2
001.687  000.235: init highlight


times in msec
 clock   self+sourced   self:  sourced script
 clock   elapsed:              other lines

000.007  000.007: --- NVIM STARTING ---
000.139  000.132: event init
000.205  000.066: early init
000.318  000.113: locale set
000.358  000.041: init first window
000.557  000.199: inits 1
000.566  000.009: window checked
000.568  000.003: parsing arguments
000.914  000.042  000.042: require('vim.shared')
001.006  000.031  000.031: require('vim._options')
001.007  000.090  000.059: require('vim._editor')
001.008  000.166  000.035: require('vim._init_packages')
001.010  000.276: init lua interpreter
001.057  000.047: expanding arguments
001.079  000.023: inits 2
001.333  000.254: init highlight
001.334  000.001: waiting for UI
001.507  000.172: done waiting for UI
001.519  000.013: clear screen
001.673  000.154: init default mappings & autocommands
001.969  000.041  000.041: sourcing /usr/local/share/nvim/runtime/ftplugin.vim
002.013  000.024  000.024: sourcing /usr/local/share/nvim/runtime/indent.vim
002.286  000.198  000.198: require('ishaan.tools')
004.456  000.130  000.130: require('vim.lsp.log')
004.978  000.519  000.519: require('vim.lsp.protocol')
006.492  000.372  000.372: require('vim.lsp._snippet')
006.626  000.131  000.131: require('vim.highlight')
006.634  000.004  000.004: require('vim.F')
006.645  001.664  001.157: require('vim.lsp.util')
006.664  002.734  000.421: require('vim.lsp.handlers')
007.032  000.366  000.366: require('vim.lsp.rpc')
007.202  000.167  000.167: require('vim.lsp.sync')
007.517  000.314  000.314: require('vim.lsp.semantic_tokens')
007.891  000.371  000.371: require('vim.lsp.buf')
008.033  000.140  000.140: require('vim.lsp.diagnostic')
008.218  000.183  000.183: require('vim.lsp.codelens')
008.250  005.502  001.228: require('vim.lsp')
008.336  006.048  000.546: require('ishaan.set')
008.471  000.004  000.004: require('vim.keymap')
009.497  001.159  001.155: require('ishaan.remap')
015.866  000.323  000.323: sourcing /home/ishaan/.config/nvim/after/colors/stained-purple.lua
015.900  006.400  006.077: require('ishaan.vimscript')
015.985  000.083  000.083: require('ishaan.autocmd')
016.401  000.291  000.291: require('lazy')
016.408  000.421  000.131: require('ishaan.lazy')
016.534  000.124  000.124: require('ishaan.intro_screen')
016.536  014.476  000.043: require('ishaan')
016.537  014.493  000.017: sourcing /home/ishaan/.config/nvim/init.lua
016.541  000.311: sourcing vimrc file(s)
018.602  000.018  000.018: sourcing /home/ishaan/.config/nvim/after/ftdetect/tmux.vim
018.718  002.157  002.140: sourcing /usr/local/share/nvim/runtime/filetype.lua
018.983  000.117  000.117: sourcing /usr/local/share/nvim/runtime/syntax/synload.vim
019.096  000.337  000.220: sourcing /usr/local/share/nvim/runtime/syntax/syntax.vim
019.113  000.078: inits 3
021.367  002.254: reading ShaDa
021.557  000.189: opening buffers
021.579  000.022: BufEnter autocommands
021.582  000.003: editing files in windows
022.608  001.026: VimEnter autocommands
022.611  000.003: UIEnter autocommands
022.612  000.001: before starting main loop
023.108  000.496: first screen update
023.110  000.002: --- NVIM STARTED ---


times in msec
 clock   self+sourced   self:  sourced script
 clock   elapsed:              other lines

000.005  000.005: --- NVIM STARTING ---
000.147  000.142: event init
000.226  000.079: early init
000.352  000.125: locale set
000.408  000.056: init first window
000.636  000.228: inits 1
000.659  000.023: window checked
000.662  000.003: parsing arguments
001.028  000.047  000.047: require('vim.shared')
001.117  000.031  000.031: require('vim._options')
001.119  000.087  000.057: require('vim._editor')
001.120  000.170  000.036: require('vim._init_packages')
001.121  000.289: init lua interpreter
001.542  000.421: expanding arguments
001.581  000.039: inits 2
001.862  000.280: init highlight
