--- Startup times for process: Primary/TUI ---

times in msec
 clock   self+sourced   self:  sourced script
 clock   elapsed:              other lines

000.004  000.004: --- NVIM STARTING ---
007.776  007.772: event init
017.614  009.838: early init
018.476  000.862: locale set
026.422  007.946: init first window
031.969  005.547: inits 1
031.998  000.029: window checked
032.020  000.022: parsing arguments
041.465  000.124  000.124: require('vim.shared')
041.749  000.138  000.138: require('vim.inspect')
041.917  000.119  000.119: require('vim._options')
041.924  000.438  000.181: require('vim._editor')
041.929  000.682  000.119: require('vim._init_packages')
041.937  009.235: init lua interpreter
043.606  001.669: --- NVIM STARTED ---

--- Startup times for process: Embedded ---

times in msec
 clock   self+sourced   self:  sourced script
 clock   elapsed:              other lines

000.001  000.001: --- NVIM STARTING ---
000.884  000.883: event init
001.110  000.226: early init
001.542  000.431: locale set
001.685  000.143: init first window
002.490  000.805: inits 1
002.523  000.033: window checked
002.532  000.009: parsing arguments
004.210  000.134  000.134: require('vim.shared')
004.474  000.135  000.135: require('vim.inspect')
004.634  000.119  000.119: require('vim._options')
004.641  000.415  000.161: require('vim._editor')
004.645  000.657  000.109: require('vim._init_packages')
004.650  001.461: init lua interpreter
009.593  004.942: expanding arguments
009.684  000.091: inits 2
012.546  002.862: init highlight
012.562  000.017: waiting for UI
014.466  001.903: done waiting for UI
014.530  000.065: clear screen
014.807  000.028  000.028: require('vim.keymap')
023.240  003.997  003.997: require('vim.termcap')
024.849  001.471  001.471: require('vim.text')
115.253  100.704  095.208: require('vim._defaults')
115.276  000.042: init default mappings & autocommands
118.196  002.830  002.830: sourcing /usr/local/share/nvim/runtime/ftplugin.vim
146.107  027.713  027.713: sourcing /usr/local/share/nvim/runtime/indent.vim
154.002  004.931  004.931: require('ishaan.tools')
159.570  001.923  001.923: require('editorconfig')
159.593  005.572  003.649: require('ishaan.set')
166.893  007.290  007.290: require('ishaan.keymaps')
208.649  002.809  002.809: sourcing /home/ishaan/.config/nvim/after/colors/oceanic.lua
208.843  041.934  039.126: require('ishaan.vimscript')
210.674  001.819  001.819: require('ishaan.autocmd')
215.295  002.835  002.835: require('lazy')
215.447  000.087  000.087: require('ffi')
215.750  000.130  000.130: require('vim.fs')
217.244  001.461  001.461: require('vim.uri')
217.330  001.867  000.276: require('vim.loader')
220.662  003.252  003.252: require('lazy.stats')
223.261  002.527  002.527: require('lazy.core.util')
224.665  001.387  001.387: require('lazy.core.config')
227.750  001.391  001.391: require('lazy.core.handler')
231.936  001.173  001.173: require('lazy.pkg')
231.961  002.678  001.506: require('lazy.core.meta')
231.982  004.217  001.539: require('lazy.core.plugin')
232.006  007.325  001.718: require('lazy.core.loader')
234.778  001.238  001.238: require('lazy.core.fragments')
267.701  002.446  002.446: require('vim.lsp.log')
271.349  003.625  003.625: require('vim.lsp.protocol')
275.821  001.870  001.870: require('vim.lsp._snippet_grammar')
277.249  001.409  001.409: require('vim.highlight')
277.287  000.018  000.018: require('vim.F')
277.344  005.957  002.660: require('vim.lsp.util')
280.049  001.246  001.246: require('vim.lsp.sync')
280.079  002.725  001.479: require('vim.lsp._changetracking')
281.791  001.702  001.702: require('vim.lsp.rpc')
282.123  020.994  004.538: require('vim.lsp')
313.320  001.364  001.364: require('lazy.core.handler.keys')
318.495  003.644  003.644: require('lazy.core.handler.event')
318.529  005.169  001.524: require('lazy.core.handler.ft')
319.959  001.408  001.408: require('lazy.core.handler.cmd')
334.148  001.320  001.320: sourcing /home/ishaan/.config/nvim/after/ftdetect/tmux.vim
334.316  003.968  002.648: sourcing /usr/local/share/nvim/runtime/filetype.lua
341.989  004.239  004.239: require('lspconfig.util')
342.085  005.914  001.675: sourcing /home/ishaan/.local/share/nvim/lazy/nvim-lspconfig/plugin/lspconfig.lua
345.823  001.241  001.241: require('lspconfig.async')
345.844  002.448  001.208: require('lspconfig.configs')
345.878  003.685  001.237: require('lspconfig')
351.779  001.907  001.907: require('cmp_nvim_lsp.source')
351.801  005.916  004.009: require('cmp_nvim_lsp')
353.250  001.195  001.195: require('lspconfig.configs.clangd')
401.375  001.507  001.507: require('lspconfig.manager')
402.933  001.531  001.531: require('lspconfig.configs.pyright')
449.268  001.367  001.367: require('lspconfig.configs.bashls')
511.711  001.497  001.497: require('lspconfig.configs.ts_ls')
557.554  001.547  001.547: require('lspconfig.configs.hls')
821.110  027.168  027.168: require('lspconfig.configs.rust_analyzer')
1062.393  005.709  005.709: require('lspconfig.configs.emmet_language_server')
1107.368  001.570  001.570: require('lspconfig.configs.lua_ls')
1180.191  001.352  001.352: sourcing /home/ishaan/.local/share/nvim/lazy/which-key.nvim/plugin/which-key.lua
1184.089  002.023  002.023: require('which-key')
1185.523  001.416  001.416: require('which-key.config')
1189.205  001.242  001.242: sourcing /home/ishaan/.local/share/nvim/lazy/plenary.nvim/plugin/plenary.vim
1197.778  001.358  001.358: require('null-ls.utils.tbl_flatten')
1197.844  002.870  001.512: require('null-ls.utils')
1200.583  002.719  002.719: require('vim.diagnostic')
1200.839  007.050  001.461: require('null-ls.config')
1203.346  001.244  001.244: require('null-ls.helpers.cache')
1204.747  001.384  001.384: require('null-ls.helpers.diagnostics')
1206.013  001.244  001.244: require('null-ls.helpers.formatter_factory')
1209.025  001.280  001.280: require('null-ls.logger')
1210.546  001.504  001.504: require('null-ls.state')
1210.571  004.537  001.753: require('null-ls.helpers.generator_factory')
1212.931  001.212  001.212: require('null-ls.helpers.command_resolver')
1212.949  002.372  001.159: require('null-ls.helpers.make_builtin')
1214.318  001.363  001.363: require('null-ls.helpers.range_formatting_args_factory')
1214.335  013.484  001.341: require('null-ls.helpers')
1218.169  001.151  001.151: require('null-ls.methods')
1218.203  002.596  001.445: require('null-ls.diagnostics')
1218.241  003.897  001.301: require('null-ls.sources')
1219.543  001.291  001.291: require('null-ls.builtins')
1219.564  030.185  004.462: require('null-ls')
1221.035  001.458  001.458: require('null-ls.builtins.formatting.prettier')
1222.550  001.488  001.488: require('null-ls.builtins.formatting.black')
1226.996  001.438  001.438: require('null-ls.loop')
1227.071  002.843  001.405: require('null-ls.client')
1229.282  002.113  002.113: require('vim.lsp.buf')
1233.192  001.566  001.566: sourcing /usr/local/share/nvim/runtime/plugin/editorconfig.lua
1234.969  001.626  001.626: sourcing /usr/local/share/nvim/runtime/plugin/gzip.vim
1236.698  001.587  001.587: sourcing /usr/local/share/nvim/runtime/plugin/man.lua
1241.494  001.685  001.685: sourcing /usr/local/share/nvim/runtime/pack/dist/opt/matchit/plugin/matchit.vim
1241.593  004.731  003.045: sourcing /usr/local/share/nvim/runtime/plugin/matchit.vim
1243.308  001.540  001.540: sourcing /usr/local/share/nvim/runtime/plugin/matchparen.vim
1245.856  002.352  002.352: sourcing /usr/local/share/nvim/runtime/plugin/netrwPlugin.vim
1247.913  001.798  001.798: sourcing /usr/local/share/nvim/runtime/plugin/osc52.lua
1249.905  001.773  001.773: sourcing /usr/local/share/nvim/runtime/plugin/rplugin.vim
1251.300  001.201  001.201: sourcing /usr/local/share/nvim/runtime/plugin/shada.vim
1252.645  001.107  001.107: sourcing /usr/local/share/nvim/runtime/plugin/spellfile.vim
1254.334  001.373  001.373: sourcing /usr/local/share/nvim/runtime/plugin/tarPlugin.vim
1256.097  001.552  001.552: sourcing /usr/local/share/nvim/runtime/plugin/tohtml.lua
1257.333  001.062  001.062: sourcing /usr/local/share/nvim/runtime/plugin/tutor.vim
1259.104  001.611  001.611: sourcing /usr/local/share/nvim/runtime/plugin/zipPlugin.vim
1262.177  001.369  001.369: sourcing /home/ishaan/.local/share/nvim/lazy/cmp-nvim-lsp/after/plugin/cmp_nvim_lsp.lua
1262.578  1051.885  869.493: require('ishaan.lazy')
1264.259  001.667  001.667: require('ishaan.intro_screen')
1264.274  1116.597  001.497: require('ishaan')
1264.283  1117.948  001.351: sourcing /home/ishaan/.config/nvim/init.lua
1271.553  007.237  007.237: require('vim.secure')
1275.747  004.745: sourcing vimrc file(s)
1276.497  000.162  000.162: sourcing /usr/local/share/nvim/runtime/filetype.lua
1279.652  001.522  001.522: sourcing /usr/local/share/nvim/runtime/syntax/synload.vim
1280.012  003.229  001.707: sourcing /usr/local/share/nvim/runtime/syntax/syntax.vim
1280.060  000.922: inits 3
1294.364  014.304: reading ShaDa
1295.066  000.702: opening buffers
1295.178  000.112: BufEnter autocommands
1295.189  000.011: editing files in windows
1315.775  020.586: VimEnter autocommands
1315.936  000.161: UIEnter autocommands
1315.945  000.010: before starting main loop
1316.723  000.778: first screen update
1316.733  000.009: --- NVIM STARTED ---

